<?xml version="1.0" encoding="UTF-8"?>
<!-- Generated by org.testng.reporters.JUnitReportReporter -->
<testsuite hostname="DESKTOP-5FVFOP7" failures="0" tests="8" name="pkg_QA_Entrata_web.QA_Entrata_web_class" time="9.553" errors="0" timestamp="2024-03-01T15:33:58 IST" skipped="0">
  <testcase classname="pkg_QA_Entrata_web.QA_Entrata_web_class" name="testHomePageTitle" time="1.754"/>
  <system-out/>
  <testcase classname="pkg_QA_Entrata_web.QA_Entrata_web_class" name="testElementPresenceSignIn" time="0.150"/>
  <system-out/>
  <testcase classname="pkg_QA_Entrata_web.QA_Entrata_web_class" name="ButtonClickableWatchDemo" time="0.099"/>
  <system-out/>
  <testcase classname="pkg_QA_Entrata_web.QA_Entrata_web_class" name="test_navigation_bar" time="0.162"/>
  <system-out/>
  <testcase classname="pkg_QA_Entrata_web.QA_Entrata_web_class" name="testSocialMediaLinks" time="0.225"/>
  <system-out/>
  <testcase classname="pkg_QA_Entrata_web.QA_Entrata_web_class" name="testAcceptCookies" time="0.208"/>
  <system-out/>
  <testcase classname="pkg_QA_Entrata_web.QA_Entrata_web_class" name="testoperatingsystemButton" time="4.945"/>
  <system-out/>
  <testcase classname="pkg_QA_Entrata_web.QA_Entrata_web_class" name="Completetheform" time="2.010"/>
  <system-out/>
</testsuite> <!-- pkg_QA_Entrata_web.QA_Entrata_web_class -->
